<?xml version="1.0" encoding="UTF-8"?>
<!-- Generated by org.testng.reporters.JUnitXMLReporter -->
<testsuite ignored="1" hostname="DESKTOP-CNF8BPT" failures="0" tests="2" name="FirstTest" time="23.581" errors="0" timestamp="2023-02-15T11:15:33 CST">
  <testcase classname="com.samples.programs.NewTest" name="openUrl" time="4.784"/>
  <testcase classname="com.samples.programs.NewTest" name="userLogin" time="3.284"/>
  <testcase classname="com.samples.programs.NewTest" name="verifyUser" time="0.0">
    <ignored/>
  </testcase> <!-- verifyUser -->
</testsuite> <!-- FirstTest -->
