<?xml version="1.0" encoding="UTF-8"?>
<!-- Generated by org.testng.reporters.JUnitXMLReporter -->
<testsuite ignored="1" hostname="DESKTOP-CNF8BPT" failures="0" tests="2" name="SecondTest" time="8.699" errors="0" timestamp="2023-02-15T11:15:42 CST">
  <testcase classname="com.samples.programs.NewTest" name="openUrl" time="4.268"/>
  <testcase classname="com.samples.programs.NewTest" name="userLogin" time="3.222"/>
  <testcase classname="com.samples.programs.NewTest" name="verifyUser" time="0.0">
    <ignored/>
  </testcase> <!-- verifyUser -->
</testsuite> <!-- SecondTest -->
