<?xml version="1.0" encoding="UTF-8"?>
<testng-results ignored="2" total="6" passed="4" failed="0" skipped="0">
  <reporter-output>
  </reporter-output>
  <suite started-at="2023-02-15T11:15:10 CST" name="DemoSuite" finished-at="2023-02-15T11:15:42 CST" duration-ms="32296">
    <groups>
    </groups>
    <test started-at="2023-02-15T11:15:10 CST" name="FirstTest" finished-at="2023-02-15T11:15:33 CST" duration-ms="23581">
      <class name="com.samples.programs.NewTest">
        <test-method is-config="true" signature="launchBrowser(java.lang.String)[pri:0, instance:com.samples.programs.NewTest@4659191b]" started-at="2023-02-15T11:15:10 CST" name="launchBrowser" finished-at="2023-02-15T11:15:14 CST" duration-ms="4742" status="PASS">
          <params>
            <param index="0">
              <value>
                <![CDATA[FIREFOX]]>
              </value>
            </param>
          </params>
          <reporter-output>
          </reporter-output>
        </test-method> <!-- launchBrowser -->
        <test-method signature="openUrl(java.lang.String,long)[pri:0, instance:com.samples.programs.NewTest@4659191b]" started-at="2023-02-15T11:15:15 CST" name="openUrl" finished-at="2023-02-15T11:15:19 CST" duration-ms="4784" status="PASS">
          <params>
            <param index="0">
              <value>
                <![CDATA[https://opensource-demo.orangehrmlive.com/]]>
              </value>
            </param>
            <param index="1">
              <value>
                <![CDATA[2000]]>
              </value>
            </param>
          </params>
          <reporter-output>
          </reporter-output>
        </test-method> <!-- openUrl -->
        <test-method signature="userLogin(java.lang.String,java.lang.String,long)[pri:0, instance:com.samples.programs.NewTest@4659191b]" started-at="2023-02-15T11:15:19 CST" name="userLogin" finished-at="2023-02-15T11:15:23 CST" duration-ms="3284" status="PASS">
          <params>
            <param index="0">
              <value>
                <![CDATA[Admin]]>
              </value>
            </param>
            <param index="1">
              <value>
                <![CDATA[admin123]]>
              </value>
            </param>
            <param index="2">
              <value>
                <![CDATA[2000]]>
              </value>
            </param>
          </params>
          <reporter-output>
          </reporter-output>
        </test-method> <!-- userLogin -->
        <test-method is-config="true" signature="tearDown()[pri:0, instance:com.samples.programs.NewTest@4659191b]" started-at="2023-02-15T11:15:23 CST" name="tearDown" finished-at="2023-02-15T11:15:33 CST" duration-ms="10727" status="PASS">
          <reporter-output>
          </reporter-output>
        </test-method> <!-- tearDown -->
      </class> <!-- com.samples.programs.NewTest -->
    </test> <!-- FirstTest -->
    <test started-at="2023-02-15T11:15:33 CST" name="SecondTest" finished-at="2023-02-15T11:15:42 CST" duration-ms="8699">
      <class name="com.samples.programs.NewTest">
        <test-method is-config="true" signature="launchBrowser(java.lang.String)[pri:0, instance:com.samples.programs.NewTest@750e2b97]" started-at="2023-02-15T11:15:33 CST" name="launchBrowser" finished-at="2023-02-15T11:15:34 CST" duration-ms="989" status="PASS">
          <params>
            <param index="0">
              <value>
                <![CDATA[chrome]]>
              </value>
            </param>
          </params>
          <reporter-output>
          </reporter-output>
        </test-method> <!-- launchBrowser -->
        <test-method signature="openUrl(java.lang.String,long)[pri:0, instance:com.samples.programs.NewTest@750e2b97]" started-at="2023-02-15T11:15:34 CST" name="openUrl" finished-at="2023-02-15T11:15:39 CST" duration-ms="4268" status="PASS">
          <params>
            <param index="0">
              <value>
                <![CDATA[https://opensource-demo.orangehrmlive.com/]]>
              </value>
            </param>
            <param index="1">
              <value>
                <![CDATA[2000]]>
              </value>
            </param>
          </params>
          <reporter-output>
          </reporter-output>
        </test-method> <!-- openUrl -->
        <test-method signature="userLogin(java.lang.String,java.lang.String,long)[pri:0, instance:com.samples.programs.NewTest@750e2b97]" started-at="2023-02-15T11:15:39 CST" name="userLogin" finished-at="2023-02-15T11:15:42 CST" duration-ms="3222" status="PASS">
          <params>
            <param index="0">
              <value>
                <![CDATA[Admin]]>
              </value>
            </param>
            <param index="1">
              <value>
                <![CDATA[admin123]]>
              </value>
            </param>
            <param index="2">
              <value>
                <![CDATA[2000]]>
              </value>
            </param>
          </params>
          <reporter-output>
          </reporter-output>
        </test-method> <!-- userLogin -->
        <test-method is-config="true" signature="tearDown()[pri:0, instance:com.samples.programs.NewTest@750e2b97]" started-at="2023-02-15T11:15:42 CST" name="tearDown" finished-at="2023-02-15T11:15:42 CST" duration-ms="214" status="PASS">
          <reporter-output>
          </reporter-output>
        </test-method> <!-- tearDown -->
      </class> <!-- com.samples.programs.NewTest -->
    </test> <!-- SecondTest -->
  </suite> <!-- DemoSuite -->
</testng-results>
